CRITICAL - 2022-04-14 16:03:18 --> Invalid file: template.php
#0 C:\laragon\www\cv\system\View\View.php(198): CodeIgniter\Exceptions\FrameworkException::forInvalidFile('template.php')
#1 C:\laragon\www\cv\system\Common.php(1089): CodeIgniter\View\View->render('template', Array, true)
#2 C:\laragon\www\cv\app\Controllers\Home.php(9): view('template')
#3 C:\laragon\www\cv\system\CodeIgniter.php(832): App\Controllers\Home->index()
#4 C:\laragon\www\cv\system\CodeIgniter.php(419): CodeIgniter\CodeIgniter->runController(Object(App\Controllers\Home))
#5 C:\laragon\www\cv\system\CodeIgniter.php(326): CodeIgniter\CodeIgniter->handleRequest(NULL, Object(Config\Cache), false)
#6 C:\laragon\www\cv\public\index.php(37): CodeIgniter\CodeIgniter->run()
#7 C:\laragon\www\cv\system\Commands\Server\rewrite.php(43): require_once('C:\\laragon\\www\\...')
#8 {main}
ERROR - 2022-04-14 16:15:16 --> Error connecting to the database: Access denied for user ''@'localhost' (using password: NO)
CRITICAL - 2022-04-14 16:15:16 --> Unable to connect to the database.
Main connection [MySQLi]: Access denied for user ''@'localhost' (using password: NO)
#0 C:\laragon\www\cv\system\Database\BaseConnection.php(577): CodeIgniter\Database\BaseConnection->initialize()
#1 C:\laragon\www\cv\system\Database\BaseBuilder.php(1455): CodeIgniter\Database\BaseConnection->query('SELECT *\nFROM `...', Array, false)
#2 C:\laragon\www\cv\system\Model.php(183): CodeIgniter\Database\BaseBuilder->get()
#3 C:\laragon\www\cv\system\BaseModel.php(584): CodeIgniter\Model->doFindAll(0, 0)
#4 C:\laragon\www\cv\app\Controllers\Home.php(16): CodeIgniter\BaseModel->findAll()
#5 C:\laragon\www\cv\system\CodeIgniter.php(832): App\Controllers\Home->index()
#6 C:\laragon\www\cv\system\CodeIgniter.php(419): CodeIgniter\CodeIgniter->runController(Object(App\Controllers\Home))
#7 C:\laragon\www\cv\system\CodeIgniter.php(326): CodeIgniter\CodeIgniter->handleRequest(NULL, Object(Config\Cache), false)
#8 C:\laragon\www\cv\public\index.php(37): CodeIgniter\CodeIgniter->run()
#9 C:\laragon\www\cv\system\Commands\Server\rewrite.php(43): require_once('C:\\laragon\\www\\...')
#10 {main}
